<?xml version="1.0" encoding="UTF-8"?>
<!-- Generated by org.testng.reporters.JUnitReportReporter -->
<testsuite hostname="AkAsh-Yadav" failures="0" tests="1" name="script.InvalidLoginOrange" time="27.222" errors="0" timestamp="2022-08-30T20:33:22 IST" skipped="0">
  <testcase classname="script.InvalidLoginOrange" name="testInvalidLogin" time="27.222"/>
  <system-out>
    <![CDATA[Err Msg is Displayed]]>
  </system-out>
</testsuite> <!-- script.InvalidLoginOrange -->
