<?xml version="1.0" encoding="UTF-8"?>
<!-- Generated by org.testng.reporters.JUnitReportReporter -->
<testsuite hostname="AkAsh-Yadav" failures="0" tests="1" name="script.ValidLoginOrange" time="13.354" errors="0" timestamp="2022-08-30T06:35:03 IST" skipped="0">
  <testcase classname="script.ValidLoginOrange" name="testValidLoginOrange" time="13.354"/>
  <system-out>
    <![CDATA[HomePage is displayed]]>
  </system-out>
</testsuite> <!-- script.ValidLoginOrange -->
