<?xml version="1.0" encoding="UTF-8"?>
<!-- Generated by org.testng.reporters.JUnitReportReporter -->
<testsuite hostname="AkAsh-Yadav" failures="0" tests="1" name="script.Test1" time="9.284" errors="0" timestamp="2022-08-26T20:30:59 IST" skipped="0">
  <testcase classname="script.Test1" name="testA" time="9.284"/>
  <system-out>
    <![CDATA[Data from excel : bhanu
Google]]>
  </system-out>
</testsuite> <!-- script.Test1 -->
