<?xml version="1.0" encoding="UTF-8"?>
<!-- Generated by org.testng.reporters.JUnitReportReporter -->
<testsuite hostname="AkAsh-Yadav" failures="0" tests="1" name="script.InvalidLogin" time="14.055" errors="0" timestamp="2022-08-30T20:21:08 IST" skipped="0">
  <testcase classname="script.InvalidLogin" name="testInvalidLogin" time="14.055"/>
  <system-out>
    <![CDATA[Err Msg is Displayed]]>
  </system-out>
</testsuite> <!-- script.InvalidLogin -->
