<?xml version="1.0" encoding="UTF-8"?>
<!-- Generated by org.testng.reporters.JUnitReportReporter -->
<testsuite hostname="AkAsh-Yadav" failures="0" tests="1" name="Day31.Demo1" time="0.016" errors="0" timestamp="2022-09-03T10:34:40 IST" skipped="0">
  <testcase classname="Day31.Demo1" name="testA" time="0.016"/>
  <system-out>
    <![CDATA[testA]]>
  </system-out>
</testsuite> <!-- Day31.Demo1 -->
