<?xml version="1.0" encoding="UTF-8"?>
<!-- Generated by org.testng.reporters.JUnitReportReporter -->
<testsuite hostname="AkAsh-Yadav" failures="0" tests="1" name="script.ValidLogin" time="9.627" errors="0" timestamp="2022-08-29T21:25:44 IST" skipped="0">
  <testcase classname="script.ValidLogin" name="testValidLogin" time="9.627"/>
  <system-out>
    <![CDATA[Logout link is visible]]>
  </system-out>
</testsuite> <!-- script.ValidLogin -->
