<?xml version="1.0" encoding="UTF-8"?>
<!-- Generated by org.testng.reporters.JUnitReportReporter -->
<testsuite hostname="AkAsh-Yadav" failures="0" tests="1" name="script.Test2" time="3.423" errors="0" timestamp="2022-08-26T20:30:59 IST" skipped="0">
  <testcase classname="script.Test2" name="testB" time="3.423"/>
  <system-out>
    <![CDATA[Data from excel : bhanu
Google]]>
  </system-out>
</testsuite> <!-- script.Test2 -->
